<?xml version="1.0" encoding="UTF-8"?>
<!-- Generated by org.testng.reporters.JUnitXMLReporter -->
<testsuite hostname="PNVL38" name="Default test" tests="6" failures="0" timestamp="10 Jan 2022 15:58:56 GMT" time="17.695" errors="0">
  <testcase name="TC01_Register_Empty" time="5.4" classname="Selenium.BT1_Register"/>
  <testcase name="TC02_Register_Invalid_Email" time="2.077" classname="Selenium.BT1_Register"/>
  <testcase name="TC04_Register_Password_Less_Than_6_Chars" time="1.694" classname="Selenium.BT1_Register"/>
  <testcase name="TC_03_Register_IncorrectConfirm_Email" time="1.851" classname="Selenium.BT1_Register"/>
  <testcase name="TC_05_Register_Incorrect_Password" time="1.364" classname="Selenium.BT1_Register"/>
  <testcase name="TC_06_Register_Invalid_Phone" time="2.025" classname="Selenium.BT1_Register"/>
</testsuite> <!-- Default test -->
